<?xml version="1.0" encoding="UTF-8"?>
<testng-results skipped="0" failed="0" ignored="0" total="2" passed="2">
  <reporter-output>
  </reporter-output>
  <suite name="Default suite" duration-ms="122" started-at="2022-08-30T10:24:12 IST" finished-at="2022-08-30T10:24:12 IST">
    <groups>
    </groups>
    <test name="Default test" duration-ms="122" started-at="2022-08-30T10:24:12 IST" finished-at="2022-08-30T10:24:12 IST">
      <class name="com.tyss.firstmavencmdTest">
        <test-method status="PASS" signature="firstMethod()[pri:0, instance:com.tyss.firstmavencmdTest@3aeaafa6]" name="firstMethod" duration-ms="17" started-at="2022-08-30T10:24:12 IST" finished-at="2022-08-30T10:24:12 IST">
          <reporter-output>
          </reporter-output>
        </test-method> <!-- firstMethod -->
        <test-method status="PASS" signature="secondMethod()[pri:0, instance:com.tyss.firstmavencmdTest@3aeaafa6]" name="secondMethod" duration-ms="3" started-at="2022-08-30T10:24:12 IST" finished-at="2022-08-30T10:24:12 IST">
          <reporter-output>
          </reporter-output>
        </test-method> <!-- secondMethod -->
      </class> <!-- com.tyss.firstmavencmdTest -->
    </test> <!-- Default test -->
  </suite> <!-- Default suite -->
</testng-results>
